<?xml version="1.0" encoding="UTF-8"?>
<testsuite name="Login Saudemo" tests="1" skipped="0" failures="0" errors="0" timestamp="2023-03-15T02:10:08" hostname="DESKTOP-VUP1VOA" time="9.006">
  <properties/>
  <testcase name="Login Exitoso" classname="Login Saudemo" time="9.006"/>
  <system-out><![CDATA[]]></system-out>
  <system-err><![CDATA[[Test worker] INFO net.thucydides.core.steps.ConsoleLoggingListener - 
 _____ _____ ____ _____   ____ _____  _    ____ _____ _____ ____  
|_   _| ____/ ___|_   _| / ___|_   _|/ \  |  _ \_   _| ____|  _ \ 
  | | |  _| \___ \ | |   \___ \ | | / _ \ | |_) || | |  _| | | | |
  | | | |___ ___) || |    ___) || |/ ___ \|  _ < | | | |___| |_| |
  |_| |_____|____/ |_|   |____/ |_/_/   \_\_| \_\|_| |_____|____/ 
                                                                  

TEST STARTED: Login Exitoso
-------------------------------------------------------------------(login-saudemo;login-exitoso)
[Test worker] INFO net.thucydides.core.steps.ConsoleLoggingListener - STARTING STEP Dado que Jonathan se encuentra en la pagina
[Test worker] INFO net.thucydides.core.steps.ConsoleLoggingListener - STARTING STEP Jonathan abrir
[Test worker] INFO net.thucydides.core.steps.ConsoleLoggingListener - STARTING STEP Jonathan opens the Login page
mar. 14, 2023 9:10:08 P. M. org.openqa.selenium.remote.DesiredCapabilities chrome
INFO: Using `new ChromeOptions()` is preferred to `DesiredCapabilities.chrome()`
[Test worker] INFO net.serenitybdd.core.webdriver.driverproviders.ProvideNewDriver - Instantiating driver
[Test worker] INFO net.serenitybdd.core.webdriver.driverproviders.ProvideNewDriver - Driver capabilities: Capabilities {acceptInsecureCerts: false, browserName: chrome, chrome.switches: --disk-cache-dir=null;--dis..., goog:chromeOptions: {args: [--disk-cache-dir=null, --disable-popup-blocking, --incognito, --disable-download-notifica..., --start-maximized, --test-type, --ignore-certificate-errors, --allow-running-insecure-co..., --disable-translate, --always-authorize-plugins, --disable-extensions, --enable-automation, --test-type], extensions: []}, loggingPrefs: org.openqa.selenium.logging..., platform: ANY, version: }
Starting ChromeDriver 111.0.5563.64 (c710e93d5b63b7095afe8c2c17df34408078439d-refs/branch-heads/5563@{#995}) on port 38285
Only local connections are allowed.
Please see https://chromedriver.chromium.org/security-considerations for suggestions on keeping ChromeDriver safe.
ChromeDriver was started successfully.
mar. 14, 2023 9:10:12 P. M. org.openqa.selenium.remote.ProtocolHandshake createSession
INFO: Detected dialect: W3C
[Test worker] INFO net.thucydides.core.steps.ConsoleLoggingListener - FINISHING STEP
[Test worker] INFO net.thucydides.core.steps.ConsoleLoggingListener - FINISHING STEP
[Test worker] INFO net.thucydides.core.steps.ConsoleLoggingListener - FINISHING STEP
[Test worker] INFO net.thucydides.core.steps.ConsoleLoggingListener - STARTING STEP Cuando ingresa las credenciales
[Test worker] INFO net.thucydides.core.steps.ConsoleLoggingListener - STARTING STEP Jonathan autenticacion
[Test worker] INFO net.thucydides.core.steps.ConsoleLoggingListener - STARTING STEP Jonathan enters 'standard_user' into Campo de ingreso de usuario
[Test worker] INFO net.thucydides.core.steps.ConsoleLoggingListener - FINISHING STEP
[Test worker] INFO net.thucydides.core.steps.ConsoleLoggingListener - STARTING STEP Jonathan enters 'secret_sauce' into Campo de ingreso de clave
[Test worker] INFO net.thucydides.core.steps.ConsoleLoggingListener - FINISHING STEP
[Test worker] INFO net.thucydides.core.steps.ConsoleLoggingListener - STARTING STEP Jonathan clicks on Boton de inicio de sesiÃ³n
[Test worker] INFO net.thucydides.core.steps.ConsoleLoggingListener - FINISHING STEP
[Test worker] INFO net.thucydides.core.steps.ConsoleLoggingListener - FINISHING STEP
[Test worker] INFO net.thucydides.core.steps.ConsoleLoggingListener - FINISHING STEP
[Test worker] INFO net.thucydides.core.steps.ConsoleLoggingListener - STARTING STEP Entonces el usuario deberia ingresar a la pagina de Products
[Test worker] INFO net.thucydides.core.steps.ConsoleLoggingListener - STARTING STEP Then autenticacion ecommerce
[Test worker] INFO net.thucydides.core.steps.ConsoleLoggingListener - FINISHING STEP
[Test worker] INFO net.thucydides.core.steps.ConsoleLoggingListener - FINISHING STEP
]]></system-err>
</testsuite>
